This file contains any messages produced by compilers while
running configure, to aid debugging if configure makes a mistake.

It was created by configure, which was
generated by GNU Autoconf 2.59.  Invocation command line was

  $ ./configure --prefix=/usr --mandir=/usr/share/man --sysconfdir=/etc

## --------- ##
## Platform. ##
## --------- ##

hostname = petitcriss
uname -m = x86_64
uname -r = 5.5.5-arch1-1
uname -s = Linux
uname -v = #1 SMP PREEMPT Thu, 20 Feb 2020 18:23:09 +0000

/usr/bin/uname -p = unknown
/bin/uname -X     = unknown

/bin/arch              = unknown
/usr/bin/arch -k       = unknown
/usr/convex/getsysinfo = unknown
hostinfo               = unknown
/bin/machine           = unknown
/usr/bin/oslevel       = unknown
/bin/universe          = unknown

PATH: /bin
PATH: /usr/bin
PATH: /sbin
PATH: /usr/sbin
PATH: /usr/local/bin
PATH: ~/.local/bin
PATH: ~/go/bin
PATH: /home/n0t/.gem/ruby/2.6.0/bin
PATH: /bin
PATH: /usr/bin
PATH: /sbin
PATH: /usr/sbin
PATH: /usr/local/bin
PATH: ~/.local/bin
PATH: ~/go/bin
PATH: /home/n0t/.gem/ruby/2.6.0/bin
PATH: /opt/android-sdk/tools
PATH: /opt/android-ndk
PATH: /opt/android-ndk
PATH: /usr/lib/jvm/default/bin


## ----------- ##
## Core tests. ##
## ----------- ##

configure:1426: checking for gcc
configure:1442: found /bin/gcc
configure:1452: result: gcc
configure:1696: checking for C compiler version
configure:1699: gcc --version </dev/null >&5
gcc (Arch Linux 9.2.1+20200130-2) 9.2.1 20200130
Copyright (C) 2019 Free Software Foundation, Inc.
This is free software; see the source for copying conditions.  There is NO
warranty; not even for MERCHANTABILITY or FITNESS FOR A PARTICULAR PURPOSE.

configure:1702: $? = 0
configure:1704: gcc -v </dev/null >&5
Using built-in specs.
COLLECT_GCC=gcc
COLLECT_LTO_WRAPPER=/usr/lib/gcc/x86_64-pc-linux-gnu/9.2.1/lto-wrapper
Target: x86_64-pc-linux-gnu
Configured with: /build/gcc/src/gcc/configure --prefix=/usr --libdir=/usr/lib --libexecdir=/usr/lib --mandir=/usr/share/man --infodir=/usr/share/info --with-pkgversion='Arch Linux 9.2.1+20200130-2' --with-bugurl=https://bugs.archlinux.org/ --enable-languages=c,c++,ada,fortran,go,lto,objc,obj-c++,d --enable-shared --enable-threads=posix --with-system-zlib --with-isl --enable-__cxa_atexit --disable-libunwind-exceptions --enable-clocale=gnu --disable-libstdcxx-pch --disable-libssp --enable-gnu-unique-object --enable-linker-build-id --enable-lto --enable-plugin --enable-install-libiberty --with-linker-hash-style=gnu --enable-gnu-indirect-function --enable-multilib --disable-werror --enable-checking=release --enable-default-pie --enable-default-ssp --enable-cet=auto gdc_include_dir=/usr/include/dlang/gdc
Thread model: posix
gcc version 9.2.1 20200130 (Arch Linux 9.2.1+20200130-2) 
configure:1707: $? = 0
configure:1709: gcc -V </dev/null >&5
gcc: error: unrecognized command line option '-V'
gcc: fatal error: no input files
compilation terminated.
configure:1712: $? = 1
configure:1735: checking for C compiler default output file name
configure:1738: gcc -march=x86-64 -mtune=generic -O2 -pipe -fno-plt -D_FORTIFY_SOURCE=2 -Wl,-O1,--sort-common,--as-needed,-z,relro,-z,now conftest.c  >&5
configure:1741: $? = 0
configure:1787: result: a.out
configure:1792: checking whether the C compiler works
configure:1798: ./a.out
configure:1801: $? = 0
configure:1818: result: yes
configure:1825: checking whether we are cross compiling
configure:1827: result: no
configure:1830: checking for suffix of executables
configure:1832: gcc -o conftest -march=x86-64 -mtune=generic -O2 -pipe -fno-plt -D_FORTIFY_SOURCE=2 -Wl,-O1,--sort-common,--as-needed,-z,relro,-z,now conftest.c  >&5
configure:1835: $? = 0
configure:1860: result: 
configure:1866: checking for suffix of object files
configure:1887: gcc -c -march=x86-64 -mtune=generic -O2 -pipe -fno-plt -D_FORTIFY_SOURCE=2 conftest.c >&5
configure:1890: $? = 0
configure:1912: result: o
configure:1916: checking whether we are using the GNU C compiler
configure:1940: gcc -c -march=x86-64 -mtune=generic -O2 -pipe -fno-plt -D_FORTIFY_SOURCE=2 conftest.c >&5
configure:1946: $? = 0
configure:1950: test -z 
			 || test ! -s conftest.err
configure:1953: $? = 0
configure:1956: test -s conftest.o
configure:1959: $? = 0
configure:1972: result: yes
configure:1978: checking whether gcc accepts -g
configure:1999: gcc -c -g -D_FORTIFY_SOURCE=2 conftest.c >&5
configure:2005: $? = 0
configure:2009: test -z 
			 || test ! -s conftest.err
configure:2012: $? = 0
configure:2015: test -s conftest.o
configure:2018: $? = 0
configure:2029: result: yes
configure:2046: checking for gcc option to accept ANSI C
configure:2116: gcc  -c -march=x86-64 -mtune=generic -O2 -pipe -fno-plt -D_FORTIFY_SOURCE=2 conftest.c >&5
configure:2122: $? = 0
configure:2126: test -z 
			 || test ! -s conftest.err
configure:2129: $? = 0
configure:2132: test -s conftest.o
configure:2135: $? = 0
configure:2153: result: none needed
configure:2171: gcc -c -march=x86-64 -mtune=generic -O2 -pipe -fno-plt -D_FORTIFY_SOURCE=2 conftest.c >&5
conftest.c:2:3: error: unknown type name 'choke'
    2 |   choke me
      |   ^~~~~
conftest.c:2:3: error: expected '=', ',', ';', 'asm' or '__attribute__' at end of input
configure:2177: $? = 1
configure: failed program was:
| #ifndef __cplusplus
|   choke me
| #endif
configure:2362: checking for g++
configure:2378: found /bin/g++
configure:2388: result: g++
configure:2404: checking for C++ compiler version
configure:2407: g++ --version </dev/null >&5
g++ (Arch Linux 9.2.1+20200130-2) 9.2.1 20200130
Copyright (C) 2019 Free Software Foundation, Inc.
This is free software; see the source for copying conditions.  There is NO
warranty; not even for MERCHANTABILITY or FITNESS FOR A PARTICULAR PURPOSE.

configure:2410: $? = 0
configure:2412: g++ -v </dev/null >&5
Using built-in specs.
COLLECT_GCC=g++
COLLECT_LTO_WRAPPER=/usr/lib/gcc/x86_64-pc-linux-gnu/9.2.1/lto-wrapper
Target: x86_64-pc-linux-gnu
Configured with: /build/gcc/src/gcc/configure --prefix=/usr --libdir=/usr/lib --libexecdir=/usr/lib --mandir=/usr/share/man --infodir=/usr/share/info --with-pkgversion='Arch Linux 9.2.1+20200130-2' --with-bugurl=https://bugs.archlinux.org/ --enable-languages=c,c++,ada,fortran,go,lto,objc,obj-c++,d --enable-shared --enable-threads=posix --with-system-zlib --with-isl --enable-__cxa_atexit --disable-libunwind-exceptions --enable-clocale=gnu --disable-libstdcxx-pch --disable-libssp --enable-gnu-unique-object --enable-linker-build-id --enable-lto --enable-plugin --enable-install-libiberty --with-linker-hash-style=gnu --enable-gnu-indirect-function --enable-multilib --disable-werror --enable-checking=release --enable-default-pie --enable-default-ssp --enable-cet=auto gdc_include_dir=/usr/include/dlang/gdc
Thread model: posix
gcc version 9.2.1 20200130 (Arch Linux 9.2.1+20200130-2) 
configure:2415: $? = 0
configure:2417: g++ -V </dev/null >&5
g++: error: unrecognized command line option '-V'
g++: fatal error: no input files
compilation terminated.
configure:2420: $? = 1
configure:2423: checking whether we are using the GNU C++ compiler
configure:2447: g++ -c -march=x86-64 -mtune=generic -O2 -pipe -fno-plt -D_FORTIFY_SOURCE=2 conftest.cc >&5
configure:2453: $? = 0
configure:2457: test -z 
			 || test ! -s conftest.err
configure:2460: $? = 0
configure:2463: test -s conftest.o
configure:2466: $? = 0
configure:2479: result: yes
configure:2485: checking whether g++ accepts -g
configure:2506: g++ -c -g -D_FORTIFY_SOURCE=2 conftest.cc >&5
configure:2512: $? = 0
configure:2516: test -z 
			 || test ! -s conftest.err
configure:2519: $? = 0
configure:2522: test -s conftest.o
configure:2525: $? = 0
configure:2536: result: yes
configure:2578: g++ -c -march=x86-64 -mtune=generic -O2 -pipe -fno-plt -D_FORTIFY_SOURCE=2 conftest.cc >&5
configure:2584: $? = 0
configure:2588: test -z 
			 || test ! -s conftest.err
configure:2591: $? = 0
configure:2594: test -s conftest.o
configure:2597: $? = 0
configure:2623: g++ -c -march=x86-64 -mtune=generic -O2 -pipe -fno-plt -D_FORTIFY_SOURCE=2 conftest.cc >&5
conftest.cc: In function 'int main()':
conftest.cc:13:1: error: 'exit' was not declared in this scope
   13 | exit (42);
      | ^~~~
configure:2629: $? = 1
configure: failed program was:
| /* confdefs.h.  */
| 
| #define PACKAGE_NAME ""
| #define PACKAGE_TARNAME ""
| #define PACKAGE_VERSION ""
| #define PACKAGE_STRING ""
| #define PACKAGE_BUGREPORT ""
| /* end confdefs.h.  */
| 
| int
| main ()
| {
| exit (42);
|   ;
|   return 0;
| }
configure:2578: g++ -c -march=x86-64 -mtune=generic -O2 -pipe -fno-plt -D_FORTIFY_SOURCE=2 conftest.cc >&5
configure:2584: $? = 0
configure:2588: test -z 
			 || test ! -s conftest.err
configure:2591: $? = 0
configure:2594: test -s conftest.o
configure:2597: $? = 0
configure:2623: g++ -c -march=x86-64 -mtune=generic -O2 -pipe -fno-plt -D_FORTIFY_SOURCE=2 conftest.cc >&5
configure:2629: $? = 0
configure:2633: test -z 
			 || test ! -s conftest.err
configure:2636: $? = 0
configure:2639: test -s conftest.o
configure:2642: $? = 0
configure:2706: checking for ranlib
configure:2722: found /bin/ranlib
configure:2733: result: ranlib
configure:2773: checking build system type
configure:2791: result: x86_64-unknown-linux-gnu
configure:2799: checking host system type
configure:2813: result: x86_64-unknown-linux-gnu
configure:2847: checking how to run the C++ preprocessor
configure:2878: g++ -E -D_FORTIFY_SOURCE=2 -Wall -W -Wcast-align -Wcast-qual -Wshadow conftest.cc
In file included from /usr/include/bits/libc-header-start.h:33,
                 from /usr/include/limits.h:26,
                 from /usr/lib/gcc/x86_64-pc-linux-gnu/9.2.1/include-fixed/limits.h:194,
                 from /usr/lib/gcc/x86_64-pc-linux-gnu/9.2.1/include-fixed/syslimits.h:7,
                 from /usr/lib/gcc/x86_64-pc-linux-gnu/9.2.1/include-fixed/limits.h:34,
                 from conftest.cc:14:
/usr/include/features.h:397:4: warning: #warning _FORTIFY_SOURCE requires compiling with optimization (-O) [-Wcpp]
  397 | #  warning _FORTIFY_SOURCE requires compiling with optimization (-O)
      |    ^~~~~~~
configure:2884: $? = 0
configure:2916: g++ -E -D_FORTIFY_SOURCE=2 -Wall -W -Wcast-align -Wcast-qual -Wshadow conftest.cc
conftest.cc:13:10: fatal error: ac_nonexistent.h: No such file or directory
   13 | #include <ac_nonexistent.h>
      |          ^~~~~~~~~~~~~~~~~~
compilation terminated.
configure:2922: $? = 1
configure: failed program was:
| /* confdefs.h.  */
| 
| #define PACKAGE_NAME ""
| #define PACKAGE_TARNAME ""
| #define PACKAGE_VERSION ""
| #define PACKAGE_STRING ""
| #define PACKAGE_BUGREPORT ""
| #ifdef __cplusplus
| extern "C" void std::exit (int) throw (); using std::exit;
| #endif
| #define LINUX 1
| /* end confdefs.h.  */
| #include <ac_nonexistent.h>
configure:2961: result: g++ -E
configure:2985: g++ -E -D_FORTIFY_SOURCE=2 -Wall -W -Wcast-align -Wcast-qual -Wshadow conftest.cc
In file included from /usr/include/bits/libc-header-start.h:33,
                 from /usr/include/limits.h:26,
                 from /usr/lib/gcc/x86_64-pc-linux-gnu/9.2.1/include-fixed/limits.h:194,
                 from /usr/lib/gcc/x86_64-pc-linux-gnu/9.2.1/include-fixed/syslimits.h:7,
                 from /usr/lib/gcc/x86_64-pc-linux-gnu/9.2.1/include-fixed/limits.h:34,
                 from conftest.cc:14:
/usr/include/features.h:397:4: warning: #warning _FORTIFY_SOURCE requires compiling with optimization (-O) [-Wcpp]
  397 | #  warning _FORTIFY_SOURCE requires compiling with optimization (-O)
      |    ^~~~~~~
configure:2991: $? = 0
configure:3023: g++ -E -D_FORTIFY_SOURCE=2 -Wall -W -Wcast-align -Wcast-qual -Wshadow conftest.cc
conftest.cc:13:10: fatal error: ac_nonexistent.h: No such file or directory
   13 | #include <ac_nonexistent.h>
      |          ^~~~~~~~~~~~~~~~~~
compilation terminated.
configure:3029: $? = 1
configure: failed program was:
| /* confdefs.h.  */
| 
| #define PACKAGE_NAME ""
| #define PACKAGE_TARNAME ""
| #define PACKAGE_VERSION ""
| #define PACKAGE_STRING ""
| #define PACKAGE_BUGREPORT ""
| #ifdef __cplusplus
| extern "C" void std::exit (int) throw (); using std::exit;
| #endif
| #define LINUX 1
| /* end confdefs.h.  */
| #include <ac_nonexistent.h>
configure:3073: checking for egrep
configure:3083: result: grep -E
configure:3088: checking for ANSI C header files
configure:3113: g++ -c -march=x86-64 -mtune=generic -O2 -pipe -fno-plt -D_FORTIFY_SOURCE=2 -Wall -W -Wcast-align -Wcast-qual -Wshadow conftest.cc >&5
configure:3119: $? = 0
configure:3123: test -z 
			 || test ! -s conftest.err
configure:3126: $? = 0
configure:3129: test -s conftest.o
configure:3132: $? = 0
In file included from /usr/include/bits/libc-header-start.h:33,
                 from /usr/include/string.h:26,
                 from conftest.cc:13:
/usr/include/features.h:397:4: warning: #warning _FORTIFY_SOURCE requires compiling with optimization (-O) [-Wcpp]
  397 | #  warning _FORTIFY_SOURCE requires compiling with optimization (-O)
      |    ^~~~~~~
In file included from /usr/include/c++/9.2.1/x86_64-pc-linux-gnu/bits/os_defines.h:39,
                 from /usr/include/c++/9.2.1/x86_64-pc-linux-gnu/bits/c++config.h:524,
                 from /usr/include/c++/9.2.1/cstdlib:41,
                 from /usr/include/c++/9.2.1/stdlib.h:36,
                 from conftest.cc:13:
/usr/include/features.h:397:4: warning: #warning _FORTIFY_SOURCE requires compiling with optimization (-O) [-Wcpp]
  397 | #  warning _FORTIFY_SOURCE requires compiling with optimization (-O)
      |    ^~~~~~~
configure:3221: g++ -o conftest -march=x86-64 -mtune=generic -O2 -pipe -fno-plt -D_FORTIFY_SOURCE=2 -Wall -W -Wcast-align -Wcast-qual -Wshadow -Wl,-O1,--sort-common,--as-needed,-z,relro,-z,now -ldl -rdynamic conftest.cc  >&5
configure:3224: $? = 0
configure:3226: ./conftest
configure:3229: $? = 0
configure:3244: result: yes
configure:3268: checking for sys/types.h
configure:3284: g++ -c -march=x86-64 -mtune=generic -O2 -pipe -fno-plt -D_FORTIFY_SOURCE=2 -Wall -W -Wcast-align -Wcast-qual -Wshadow conftest.cc >&5
configure:3290: $? = 0
configure:3294: test -z 
			 || test ! -s conftest.err
configure:3297: $? = 0
configure:3300: test -s conftest.o
configure:3303: $? = 0
configure:3314: result: yes
configure:3268: checking for sys/stat.h
configure:3284: g++ -c -march=x86-64 -mtune=generic -O2 -pipe -fno-plt -D_FORTIFY_SOURCE=2 -Wall -W -Wcast-align -Wcast-qual -Wshadow conftest.cc >&5
configure:3290: $? = 0
configure:3294: test -z 
			 || test ! -s conftest.err
configure:3297: $? = 0
configure:3300: test -s conftest.o
configure:3303: $? = 0
configure:3314: result: yes
configure:3268: checking for stdlib.h
configure:3284: g++ -c -march=x86-64 -mtune=generic -O2 -pipe -fno-plt -D_FORTIFY_SOURCE=2 -Wall -W -Wcast-align -Wcast-qual -Wshadow conftest.cc >&5
configure:3290: $? = 0
configure:3294: test -z 
			 || test ! -s conftest.err
configure:3297: $? = 0
configure:3300: test -s conftest.o
configure:3303: $? = 0
configure:3314: result: yes
configure:3268: checking for string.h
configure:3284: g++ -c -march=x86-64 -mtune=generic -O2 -pipe -fno-plt -D_FORTIFY_SOURCE=2 -Wall -W -Wcast-align -Wcast-qual -Wshadow conftest.cc >&5
configure:3290: $? = 0
configure:3294: test -z 
			 || test ! -s conftest.err
configure:3297: $? = 0
configure:3300: test -s conftest.o
configure:3303: $? = 0
configure:3314: result: yes
configure:3268: checking for memory.h
configure:3284: g++ -c -march=x86-64 -mtune=generic -O2 -pipe -fno-plt -D_FORTIFY_SOURCE=2 -Wall -W -Wcast-align -Wcast-qual -Wshadow conftest.cc >&5
configure:3290: $? = 0
configure:3294: test -z 
			 || test ! -s conftest.err
configure:3297: $? = 0
configure:3300: test -s conftest.o
configure:3303: $? = 0
configure:3314: result: yes
configure:3268: checking for strings.h
configure:3284: g++ -c -march=x86-64 -mtune=generic -O2 -pipe -fno-plt -D_FORTIFY_SOURCE=2 -Wall -W -Wcast-align -Wcast-qual -Wshadow conftest.cc >&5
configure:3290: $? = 0
configure:3294: test -z 
			 || test ! -s conftest.err
configure:3297: $? = 0
configure:3300: test -s conftest.o
configure:3303: $? = 0
configure:3314: result: yes
configure:3268: checking for inttypes.h
configure:3284: g++ -c -march=x86-64 -mtune=generic -O2 -pipe -fno-plt -D_FORTIFY_SOURCE=2 -Wall -W -Wcast-align -Wcast-qual -Wshadow conftest.cc >&5
configure:3290: $? = 0
configure:3294: test -z 
			 || test ! -s conftest.err
configure:3297: $? = 0
configure:3300: test -s conftest.o
configure:3303: $? = 0
configure:3314: result: yes
configure:3268: checking for stdint.h
configure:3284: g++ -c -march=x86-64 -mtune=generic -O2 -pipe -fno-plt -D_FORTIFY_SOURCE=2 -Wall -W -Wcast-align -Wcast-qual -Wshadow conftest.cc >&5
configure:3290: $? = 0
configure:3294: test -z 
			 || test ! -s conftest.err
configure:3297: $? = 0
configure:3300: test -s conftest.o
configure:3303: $? = 0
configure:3314: result: yes
configure:3268: checking for unistd.h
configure:3284: g++ -c -march=x86-64 -mtune=generic -O2 -pipe -fno-plt -D_FORTIFY_SOURCE=2 -Wall -W -Wcast-align -Wcast-qual -Wshadow conftest.cc >&5
configure:3290: $? = 0
configure:3294: test -z 
			 || test ! -s conftest.err
configure:3297: $? = 0
configure:3300: test -s conftest.o
configure:3303: $? = 0
configure:3314: result: yes
configure:3331: checking for strings.h
configure:3336: result: yes
configure:3481: checking for string.h
configure:3486: result: yes
configure:3631: checking for stdlib.h
configure:3636: result: yes
configure:3781: checking for unistd.h
configure:3786: result: yes
configure:3940: checking glib.h usability
configure:3952: g++ -c -march=x86-64 -mtune=generic -O2 -pipe -fno-plt -D_FORTIFY_SOURCE=2 -Wall -W -Wcast-align -Wcast-qual -Wshadow conftest.cc >&5
conftest.cc:61:10: fatal error: glib.h: No such file or directory
   61 | #include <glib.h>
      |          ^~~~~~~~
compilation terminated.
configure:3958: $? = 1
configure: failed program was:
| /* confdefs.h.  */
| 
| #define PACKAGE_NAME ""
| #define PACKAGE_TARNAME ""
| #define PACKAGE_VERSION ""
| #define PACKAGE_STRING ""
| #define PACKAGE_BUGREPORT ""
| #ifdef __cplusplus
| extern "C" void std::exit (int) throw (); using std::exit;
| #endif
| #define LINUX 1
| #define STDC_HEADERS 1
| #define HAVE_SYS_TYPES_H 1
| #define HAVE_SYS_STAT_H 1
| #define HAVE_STDLIB_H 1
| #define HAVE_STRING_H 1
| #define HAVE_MEMORY_H 1
| #define HAVE_STRINGS_H 1
| #define HAVE_INTTYPES_H 1
| #define HAVE_STDINT_H 1
| #define HAVE_UNISTD_H 1
| #define HAVE_STRINGS_H 1
| #define HAVE_STRING_H 1
| #define HAVE_STDLIB_H 1
| #define HAVE_UNISTD_H 1
| /* end confdefs.h.  */
| #include <stdio.h>
| #if HAVE_SYS_TYPES_H
| # include <sys/types.h>
| #endif
| #if HAVE_SYS_STAT_H
| # include <sys/stat.h>
| #endif
| #if STDC_HEADERS
| # include <stdlib.h>
| # include <stddef.h>
| #else
| # if HAVE_STDLIB_H
| #  include <stdlib.h>
| # endif
| #endif
| #if HAVE_STRING_H
| # if !STDC_HEADERS && HAVE_MEMORY_H
| #  include <memory.h>
| # endif
| # include <string.h>
| #endif
| #if HAVE_STRINGS_H
| # include <strings.h>
| #endif
| #if HAVE_INTTYPES_H
| # include <inttypes.h>
| #else
| # if HAVE_STDINT_H
| #  include <stdint.h>
| # endif
| #endif
| #if HAVE_UNISTD_H
| # include <unistd.h>
| #endif
| #include <glib.h>
configure:3981: result: no
configure:3985: checking glib.h presence
configure:3995: g++ -E -D_FORTIFY_SOURCE=2 -Wall -W -Wcast-align -Wcast-qual -Wshadow conftest.cc
conftest.cc:27:10: fatal error: glib.h: No such file or directory
   27 | #include <glib.h>
      |          ^~~~~~~~
compilation terminated.
configure:4001: $? = 1
configure: failed program was:
| /* confdefs.h.  */
| 
| #define PACKAGE_NAME ""
| #define PACKAGE_TARNAME ""
| #define PACKAGE_VERSION ""
| #define PACKAGE_STRING ""
| #define PACKAGE_BUGREPORT ""
| #ifdef __cplusplus
| extern "C" void std::exit (int) throw (); using std::exit;
| #endif
| #define LINUX 1
| #define STDC_HEADERS 1
| #define HAVE_SYS_TYPES_H 1
| #define HAVE_SYS_STAT_H 1
| #define HAVE_STDLIB_H 1
| #define HAVE_STRING_H 1
| #define HAVE_MEMORY_H 1
| #define HAVE_STRINGS_H 1
| #define HAVE_INTTYPES_H 1
| #define HAVE_STDINT_H 1
| #define HAVE_UNISTD_H 1
| #define HAVE_STRINGS_H 1
| #define HAVE_STRING_H 1
| #define HAVE_STDLIB_H 1
| #define HAVE_UNISTD_H 1
| /* end confdefs.h.  */
| #include <glib.h>
configure:4021: result: no
configure:4056: checking for glib.h
configure:4063: result: no
configure:4090: checking dlfcn.h usability
configure:4102: g++ -c -march=x86-64 -mtune=generic -O2 -pipe -fno-plt -D_FORTIFY_SOURCE=2 -Wall -W -Wcast-align -Wcast-qual -Wshadow conftest.cc >&5
configure:4108: $? = 0
configure:4112: test -z 
			 || test ! -s conftest.err
configure:4115: $? = 0
configure:4118: test -s conftest.o
configure:4121: $? = 0
configure:4131: result: yes
configure:4135: checking dlfcn.h presence
configure:4145: g++ -E -D_FORTIFY_SOURCE=2 -Wall -W -Wcast-align -Wcast-qual -Wshadow conftest.cc
In file included from /usr/include/dlfcn.h:22,
                 from conftest.cc:27:
/usr/include/features.h:397:4: warning: #warning _FORTIFY_SOURCE requires compiling with optimization (-O) [-Wcpp]
  397 | #  warning _FORTIFY_SOURCE requires compiling with optimization (-O)
      |    ^~~~~~~
configure:4151: $? = 0
configure:4171: result: yes
configure:4206: checking for dlfcn.h
configure:4213: result: yes
configure:4232: checking if sa_len is in struct sockaddr
configure:4257: g++ -c -march=x86-64 -mtune=generic -O2 -pipe -fno-plt -D_FORTIFY_SOURCE=2 -Wall -W -Wcast-align -Wcast-qual -Wshadow conftest.cc >&5
conftest.cc: In function 'int main()':
conftest.cc:36:44: error: 'struct sockaddr' has no member named 'sa_len'
   36 |  printf("%i\n", ((struct sockaddr *)NULL)->sa_len);
      |                                            ^~~~~~
configure:4263: $? = 1
configure: failed program was:
| /* confdefs.h.  */
| 
| #define PACKAGE_NAME ""
| #define PACKAGE_TARNAME ""
| #define PACKAGE_VERSION ""
| #define PACKAGE_STRING ""
| #define PACKAGE_BUGREPORT ""
| #ifdef __cplusplus
| extern "C" void std::exit (int) throw (); using std::exit;
| #endif
| #define LINUX 1
| #define STDC_HEADERS 1
| #define HAVE_SYS_TYPES_H 1
| #define HAVE_SYS_STAT_H 1
| #define HAVE_STDLIB_H 1
| #define HAVE_STRING_H 1
| #define HAVE_MEMORY_H 1
| #define HAVE_STRINGS_H 1
| #define HAVE_INTTYPES_H 1
| #define HAVE_STDINT_H 1
| #define HAVE_UNISTD_H 1
| #define HAVE_STRINGS_H 1
| #define HAVE_STRING_H 1
| #define HAVE_STDLIB_H 1
| #define HAVE_UNISTD_H 1
| #define HAVE_DLFCN_H 1
| /* end confdefs.h.  */
| 
| #include <stdio.h>
| #include <sys/types.h>
| #include <sys/socket.h>
| 
| int
| main ()
| {
|  printf("%i\n", ((struct sockaddr *)NULL)->sa_len);
|   ;
|   return 0;
| }
configure:4292: result: no
configure:4330: checking for pcap_datalink in -lpcap
configure:4360: g++ -o conftest -march=x86-64 -mtune=generic -O2 -pipe -fno-plt -D_FORTIFY_SOURCE=2 -Wall -W -Wcast-align -Wcast-qual -Wshadow -Wl,-O1,--sort-common,--as-needed,-z,relro,-z,now -ldl -rdynamic conftest.cc -lpcap   >&5
configure:4366: $? = 0
configure:4370: test -z 
			 || test ! -s conftest.err
configure:4373: $? = 0
configure:4376: test -s conftest
configure:4379: $? = 0
configure:4392: result: yes
configure:4475: checking for dlfcn.h
configure:4480: result: yes
configure:4805: checking for a BSD-compatible install
configure:4860: result: /bin/install -c
configure:4871: checking whether make sets $(MAKE)
configure:4891: result: yes
configure:5004: creating ./config.status

## ---------------------- ##
## Running config.status. ##
## ---------------------- ##

This file was extended by config.status, which was
generated by GNU Autoconf 2.59.  Invocation command line was

  CONFIG_FILES    = 
  CONFIG_HEADERS  = 
  CONFIG_LINKS    = 
  CONFIG_COMMANDS = 
  $ ./config.status 

on petitcriss

config.status:673: creating Makefile
config.status:673: creating src/defines.h
config.status:673: creating src/Makefile
config.status:673: creating src/xplib/Makefile
config.status:673: creating src/xpmodules/Makefile
config.status:673: creating src/xpmodules/alive_probe/Makefile
config.status:673: creating src/xpmodules/alive_probe/ttl_calc/Makefile
config.status:673: creating src/xpmodules/alive_probe/portscanner/Makefile
config.status:673: creating src/xpmodules/os_probe/Makefile
config.status:673: creating src/xpmodules/os_probe/icmp_echo_id/Makefile
config.status:673: creating src/xpmodules/os_probe/icmp_timestamp/Makefile
config.status:673: creating src/xpmodules/os_probe/icmp_addrmask/Makefile
config.status:673: creating src/xpmodules/os_probe/icmp_inforeq/Makefile
config.status:673: creating src/xpmodules/os_probe/icmp_port_unreach/Makefile
config.status:673: creating src/xpmodules/os_probe/tcp_handshake/Makefile
config.status:673: creating src/xpmodules/os_probe/tcp_rst/Makefile
config.status:673: creating src/xpmodules/os_probe/smb/Makefile
config.status:673: creating src/xpmodules/os_probe/snmp/Makefile
config.status:777: creating src/config.h
configure:6109: configuring in libs-external/USI++/src
configure:6226: running /bin/sh './configure' --prefix=/usr  '--prefix=/usr' '--mandir=/usr/share/man' '--sysconfdir=/etc' 'CFLAGS=-march=x86-64 -mtune=generic -O2 -pipe -fno-plt' 'CPPFLAGS=-D_FORTIFY_SOURCE=2' 'CXXFLAGS=-march=x86-64 -mtune=generic -O2 -pipe -fno-plt' 'LDFLAGS=-Wl,-O1,--sort-common,--as-needed,-z,relro,-z,now' --cache-file=/dev/null --srcdir=.

## ---------------- ##
## Cache variables. ##
## ---------------- ##

ac_cv_build=x86_64-unknown-linux-gnu
ac_cv_build_alias=x86_64-unknown-linux-gnu
ac_cv_c_compiler_gnu=yes
ac_cv_cxx_compiler_gnu=yes
ac_cv_env_CC_set=
ac_cv_env_CC_value=
ac_cv_env_CFLAGS_set=set
ac_cv_env_CFLAGS_value='-march=x86-64 -mtune=generic -O2 -pipe -fno-plt'
ac_cv_env_CPPFLAGS_set=set
ac_cv_env_CPPFLAGS_value=-D_FORTIFY_SOURCE=2
ac_cv_env_CXXCPP_set=
ac_cv_env_CXXCPP_value=
ac_cv_env_CXXFLAGS_set=set
ac_cv_env_CXXFLAGS_value='-march=x86-64 -mtune=generic -O2 -pipe -fno-plt'
ac_cv_env_CXX_set=
ac_cv_env_CXX_value=
ac_cv_env_LDFLAGS_set=set
ac_cv_env_LDFLAGS_value=-Wl,-O1,--sort-common,--as-needed,-z,relro,-z,now
ac_cv_env_build_alias_set=
ac_cv_env_build_alias_value=
ac_cv_env_host_alias_set=
ac_cv_env_host_alias_value=
ac_cv_env_target_alias_set=
ac_cv_env_target_alias_value=
ac_cv_exeext=
ac_cv_header_dlfcn_h=yes
ac_cv_header_glib_h=no
ac_cv_header_inttypes_h=yes
ac_cv_header_memory_h=yes
ac_cv_header_stdc=yes
ac_cv_header_stdint_h=yes
ac_cv_header_stdlib_h=yes
ac_cv_header_string_h=yes
ac_cv_header_strings_h=yes
ac_cv_header_sys_stat_h=yes
ac_cv_header_sys_types_h=yes
ac_cv_header_unistd_h=yes
ac_cv_host=x86_64-unknown-linux-gnu
ac_cv_host_alias=x86_64-unknown-linux-gnu
ac_cv_lib_pcap_pcap_datalink=yes
ac_cv_objext=o
ac_cv_path_install='/bin/install -c'
ac_cv_prog_CXXCPP='g++ -E'
ac_cv_prog_ac_ct_CC=gcc
ac_cv_prog_ac_ct_CXX=g++
ac_cv_prog_ac_ct_RANLIB=ranlib
ac_cv_prog_cc_g=yes
ac_cv_prog_cc_stdc=
ac_cv_prog_cxx_g=yes
ac_cv_prog_egrep='grep -E'
ac_cv_prog_make_make_set=yes
ac_cv_sockaddr_sa_len=no

## ----------------- ##
## Output variables. ##
## ----------------- ##

CC='gcc'
CFGDIR='/etc/xprobe2'
CFLAGS='-march=x86-64 -mtune=generic -O2 -pipe -fno-plt'
CPPFLAGS='-D_FORTIFY_SOURCE=2 -Wall -W -Wcast-align -Wcast-qual -Wshadow'
CXX='g++'
CXXCPP='g++ -E'
CXXFLAGS='-march=x86-64 -mtune=generic -O2 -pipe -fno-plt'
DEFS='-DHAVE_CONFIG_H'
DYNFLAGS='-fPIC -shared'
ECHO_C=''
ECHO_N='-n'
ECHO_T=''
EGREP='grep -E'
EXEEXT=''
HEADERS='cmd_opts.h config_set.h interface.h interface_con.h log.h os_matrix.h scan_engine.h target.h targets_list.h xprobe.h xprobe_module.h xprobe_module_hdlr.h xprobe_module_param.h xprobe_timeval.h '
INSTALL_DATA='${INSTALL} -m 644'
INSTALL_PROGRAM='${INSTALL}'
INSTALL_SCRIPT='${INSTALL}'
LDFLAGS='-Wl,-O1,--sort-common,--as-needed,-z,relro,-z,now -ldl -rdynamic'
LIBOBJS=''
LIBS='-lpcap '
LTLIBOBJS=''
OBJEXT='o'
PACKAGE='xprobe2'
PACKAGE_BUGREPORT=''
PACKAGE_NAME=''
PACKAGE_STRING=''
PACKAGE_TARNAME=''
PACKAGE_VERSION=''
PATH_SEPARATOR=':'
RANLIB='ranlib'
SET_MAKE=''
SHELL='/bin/sh'
SOURCES='cmd_opts.cc config_set.cc interface.cc interface_con.cc log.cc os_matrix.cc scan_engine.cc target.cc targets_list.cc xprobe.cc xprobe_module_hdlr.cc xprobe_module_param.cc '
VERSION='0.3'
ac_ct_CC='gcc'
ac_ct_CXX='g++'
ac_ct_RANLIB='ranlib'
bindir='${exec_prefix}/bin'
build='x86_64-unknown-linux-gnu'
build_alias=''
build_cpu='x86_64'
build_os='linux-gnu'
build_vendor='unknown'
datadir='${prefix}/share'
exec_prefix='${prefix}'
host='x86_64-unknown-linux-gnu'
host_alias=''
host_cpu='x86_64'
host_os='linux-gnu'
host_vendor='unknown'
includedir='${prefix}/include'
infodir='${prefix}/info'
libdir='${exec_prefix}/lib'
libexecdir='${exec_prefix}/libexec'
localstatedir='${prefix}/var'
mandir='/usr/share/man'
oldincludedir='/usr/include'
prefix='/usr'
program_transform_name='s,x,x,'
sbindir='${exec_prefix}/sbin'
sharedstatedir='${prefix}/com'
subdirs=' libs-external/USI++/src'
sysconfdir='/etc'
target_alias=''

## ----------- ##
## confdefs.h. ##
## ----------- ##

#define HAVE_DLFCN_H 1
#define HAVE_DLFCN_H 1
#define HAVE_INTTYPES_H 1
#define HAVE_LIBPCAP 1
#define HAVE_MEMORY_H 1
#define HAVE_STDINT_H 1
#define HAVE_STDLIB_H 1
#define HAVE_STDLIB_H 1
#define HAVE_STRINGS_H 1
#define HAVE_STRINGS_H 1
#define HAVE_STRING_H 1
#define HAVE_STRING_H 1
#define HAVE_SYS_STAT_H 1
#define HAVE_SYS_TYPES_H 1
#define HAVE_UNISTD_H 1
#define HAVE_UNISTD_H 1
#define LINUX 1
#define PACKAGE_BUGREPORT ""
#define PACKAGE_NAME ""
#define PACKAGE_STRING ""
#define PACKAGE_TARNAME ""
#define PACKAGE_VERSION ""
#define STDC_HEADERS 1
#endif
#ifdef __cplusplus
extern "C" void std::exit (int) throw (); using std::exit;

configure: exit 0
