This file contains any messages produced by compilers while
running configure, to aid debugging if configure makes a mistake.

It was created by configure, which was
generated by GNU Autoconf 2.59.  Invocation command line was

  $ ./configure --prefix=/usr --prefix=/usr --mandir=/usr/share/man --sysconfdir=/etc CFLAGS=-march=x86-64 -mtune=generic -O2 -pipe -fno-plt CPPFLAGS=-D_FORTIFY_SOURCE=2 CXXFLAGS=-march=x86-64 -mtune=generic -O2 -pipe -fno-plt LDFLAGS=-Wl,-O1,--sort-common,--as-needed,-z,relro,-z,now --cache-file=/dev/null --srcdir=.

## --------- ##
## Platform. ##
## --------- ##

hostname = petitcriss
uname -m = x86_64
uname -r = 5.5.5-arch1-1
uname -s = Linux
uname -v = #1 SMP PREEMPT Thu, 20 Feb 2020 18:23:09 +0000

/usr/bin/uname -p = unknown
/bin/uname -X     = unknown

/bin/arch              = unknown
/usr/bin/arch -k       = unknown
/usr/convex/getsysinfo = unknown
hostinfo               = unknown
/bin/machine           = unknown
/usr/bin/oslevel       = unknown
/bin/universe          = unknown

PATH: /bin
PATH: /usr/bin
PATH: /sbin
PATH: /usr/sbin
PATH: /usr/local/bin
PATH: ~/.local/bin
PATH: ~/go/bin
PATH: /home/n0t/.gem/ruby/2.6.0/bin
PATH: /bin
PATH: /usr/bin
PATH: /sbin
PATH: /usr/sbin
PATH: /usr/local/bin
PATH: ~/.local/bin
PATH: ~/go/bin
PATH: /home/n0t/.gem/ruby/2.6.0/bin
PATH: /opt/android-sdk/tools
PATH: /opt/android-ndk
PATH: /opt/android-ndk
PATH: /usr/lib/jvm/default/bin


## ----------- ##
## Core tests. ##
## ----------- ##

configure:1333: checking build system type
configure:1351: result: x86_64-unknown-linux-gnu
configure:1359: checking host system type
configure:1373: result: x86_64-unknown-linux-gnu
configure:1435: checking for g++
configure:1451: found /bin/g++
configure:1461: result: g++
configure:1477: checking for C++ compiler version
configure:1480: g++ --version </dev/null >&5
g++ (Arch Linux 9.2.1+20200130-2) 9.2.1 20200130
Copyright (C) 2019 Free Software Foundation, Inc.
This is free software; see the source for copying conditions.  There is NO
warranty; not even for MERCHANTABILITY or FITNESS FOR A PARTICULAR PURPOSE.

configure:1483: $? = 0
configure:1485: g++ -v </dev/null >&5
Using built-in specs.
COLLECT_GCC=g++
COLLECT_LTO_WRAPPER=/usr/lib/gcc/x86_64-pc-linux-gnu/9.2.1/lto-wrapper
Target: x86_64-pc-linux-gnu
Configured with: /build/gcc/src/gcc/configure --prefix=/usr --libdir=/usr/lib --libexecdir=/usr/lib --mandir=/usr/share/man --infodir=/usr/share/info --with-pkgversion='Arch Linux 9.2.1+20200130-2' --with-bugurl=https://bugs.archlinux.org/ --enable-languages=c,c++,ada,fortran,go,lto,objc,obj-c++,d --enable-shared --enable-threads=posix --with-system-zlib --with-isl --enable-__cxa_atexit --disable-libunwind-exceptions --enable-clocale=gnu --disable-libstdcxx-pch --disable-libssp --enable-gnu-unique-object --enable-linker-build-id --enable-lto --enable-plugin --enable-install-libiberty --with-linker-hash-style=gnu --enable-gnu-indirect-function --enable-multilib --disable-werror --enable-checking=release --enable-default-pie --enable-default-ssp --enable-cet=auto gdc_include_dir=/usr/include/dlang/gdc
Thread model: posix
gcc version 9.2.1 20200130 (Arch Linux 9.2.1+20200130-2) 
configure:1488: $? = 0
configure:1490: g++ -V </dev/null >&5
g++: error: unrecognized command line option '-V'
g++: fatal error: no input files
compilation terminated.
configure:1493: $? = 1
configure:1516: checking for C++ compiler default output file name
configure:1519: g++ -march=x86-64 -mtune=generic -O2 -pipe -fno-plt -D_FORTIFY_SOURCE=2 -Wl,-O1,--sort-common,--as-needed,-z,relro,-z,now conftest.cc  >&5
configure:1522: $? = 0
configure:1568: result: a.out
configure:1573: checking whether the C++ compiler works
configure:1579: ./a.out
configure:1582: $? = 0
configure:1599: result: yes
configure:1606: checking whether we are cross compiling
configure:1608: result: no
configure:1611: checking for suffix of executables
configure:1613: g++ -o conftest -march=x86-64 -mtune=generic -O2 -pipe -fno-plt -D_FORTIFY_SOURCE=2 -Wl,-O1,--sort-common,--as-needed,-z,relro,-z,now conftest.cc  >&5
configure:1616: $? = 0
configure:1641: result: 
configure:1647: checking for suffix of object files
configure:1668: g++ -c -march=x86-64 -mtune=generic -O2 -pipe -fno-plt -D_FORTIFY_SOURCE=2 conftest.cc >&5
configure:1671: $? = 0
configure:1693: result: o
configure:1697: checking whether we are using the GNU C++ compiler
configure:1721: g++ -c -march=x86-64 -mtune=generic -O2 -pipe -fno-plt -D_FORTIFY_SOURCE=2 conftest.cc >&5
configure:1727: $? = 0
configure:1731: test -z 
			 || test ! -s conftest.err
configure:1734: $? = 0
configure:1737: test -s conftest.o
configure:1740: $? = 0
configure:1753: result: yes
configure:1759: checking whether g++ accepts -g
configure:1780: g++ -c -g -D_FORTIFY_SOURCE=2 conftest.cc >&5
configure:1786: $? = 0
configure:1790: test -z 
			 || test ! -s conftest.err
configure:1793: $? = 0
configure:1796: test -s conftest.o
configure:1799: $? = 0
configure:1810: result: yes
configure:1852: g++ -c -march=x86-64 -mtune=generic -O2 -pipe -fno-plt -D_FORTIFY_SOURCE=2 conftest.cc >&5
configure:1858: $? = 0
configure:1862: test -z 
			 || test ! -s conftest.err
configure:1865: $? = 0
configure:1868: test -s conftest.o
configure:1871: $? = 0
configure:1897: g++ -c -march=x86-64 -mtune=generic -O2 -pipe -fno-plt -D_FORTIFY_SOURCE=2 conftest.cc >&5
conftest.cc: In function 'int main()':
conftest.cc:13:1: error: 'exit' was not declared in this scope
   13 | exit (42);
      | ^~~~
configure:1903: $? = 1
configure: failed program was:
| /* confdefs.h.  */
| 
| #define PACKAGE_NAME ""
| #define PACKAGE_TARNAME ""
| #define PACKAGE_VERSION ""
| #define PACKAGE_STRING ""
| #define PACKAGE_BUGREPORT ""
| /* end confdefs.h.  */
| 
| int
| main ()
| {
| exit (42);
|   ;
|   return 0;
| }
configure:1852: g++ -c -march=x86-64 -mtune=generic -O2 -pipe -fno-plt -D_FORTIFY_SOURCE=2 conftest.cc >&5
configure:1858: $? = 0
configure:1862: test -z 
			 || test ! -s conftest.err
configure:1865: $? = 0
configure:1868: test -s conftest.o
configure:1871: $? = 0
configure:1897: g++ -c -march=x86-64 -mtune=generic -O2 -pipe -fno-plt -D_FORTIFY_SOURCE=2 conftest.cc >&5
configure:1903: $? = 0
configure:1907: test -z 
			 || test ! -s conftest.err
configure:1910: $? = 0
configure:1913: test -s conftest.o
configure:1916: $? = 0
configure:1980: checking for ranlib
configure:1996: found /bin/ranlib
configure:2007: result: ranlib
configure:2032: checking for a BSD-compatible install
configure:2087: result: /bin/install -c
configure:2145: checking for gcc
configure:2161: found /bin/gcc
configure:2171: result: gcc
configure:2415: checking for C compiler version
configure:2418: gcc --version </dev/null >&5
gcc (Arch Linux 9.2.1+20200130-2) 9.2.1 20200130
Copyright (C) 2019 Free Software Foundation, Inc.
This is free software; see the source for copying conditions.  There is NO
warranty; not even for MERCHANTABILITY or FITNESS FOR A PARTICULAR PURPOSE.

configure:2421: $? = 0
configure:2423: gcc -v </dev/null >&5
Using built-in specs.
COLLECT_GCC=gcc
COLLECT_LTO_WRAPPER=/usr/lib/gcc/x86_64-pc-linux-gnu/9.2.1/lto-wrapper
Target: x86_64-pc-linux-gnu
Configured with: /build/gcc/src/gcc/configure --prefix=/usr --libdir=/usr/lib --libexecdir=/usr/lib --mandir=/usr/share/man --infodir=/usr/share/info --with-pkgversion='Arch Linux 9.2.1+20200130-2' --with-bugurl=https://bugs.archlinux.org/ --enable-languages=c,c++,ada,fortran,go,lto,objc,obj-c++,d --enable-shared --enable-threads=posix --with-system-zlib --with-isl --enable-__cxa_atexit --disable-libunwind-exceptions --enable-clocale=gnu --disable-libstdcxx-pch --disable-libssp --enable-gnu-unique-object --enable-linker-build-id --enable-lto --enable-plugin --enable-install-libiberty --with-linker-hash-style=gnu --enable-gnu-indirect-function --enable-multilib --disable-werror --enable-checking=release --enable-default-pie --enable-default-ssp --enable-cet=auto gdc_include_dir=/usr/include/dlang/gdc
Thread model: posix
gcc version 9.2.1 20200130 (Arch Linux 9.2.1+20200130-2) 
configure:2426: $? = 0
configure:2428: gcc -V </dev/null >&5
gcc: error: unrecognized command line option '-V'
gcc: fatal error: no input files
compilation terminated.
configure:2431: $? = 1
configure:2434: checking whether we are using the GNU C compiler
configure:2458: gcc -c -march=x86-64 -mtune=generic -O2 -pipe -fno-plt -D_FORTIFY_SOURCE=2 conftest.c >&5
configure:2464: $? = 0
configure:2468: test -z 
			 || test ! -s conftest.err
configure:2471: $? = 0
configure:2474: test -s conftest.o
configure:2477: $? = 0
configure:2490: result: yes
configure:2496: checking whether gcc accepts -g
configure:2517: gcc -c -g -D_FORTIFY_SOURCE=2 conftest.c >&5
configure:2523: $? = 0
configure:2527: test -z 
			 || test ! -s conftest.err
configure:2530: $? = 0
configure:2533: test -s conftest.o
configure:2536: $? = 0
configure:2547: result: yes
configure:2564: checking for gcc option to accept ANSI C
configure:2634: gcc  -c -march=x86-64 -mtune=generic -O2 -pipe -fno-plt -D_FORTIFY_SOURCE=2 conftest.c >&5
configure:2640: $? = 0
configure:2644: test -z 
			 || test ! -s conftest.err
configure:2647: $? = 0
configure:2650: test -s conftest.o
configure:2653: $? = 0
configure:2671: result: none needed
configure:2689: gcc -c -march=x86-64 -mtune=generic -O2 -pipe -fno-plt -D_FORTIFY_SOURCE=2 conftest.c >&5
conftest.c:2:3: error: unknown type name 'choke'
    2 |   choke me
      |   ^~~~~
conftest.c:2:3: error: expected '=', ',', ';', 'asm' or '__attribute__' at end of input
configure:2695: $? = 1
configure: failed program was:
| #ifndef __cplusplus
|   choke me
| #endif
configure:2830: checking for main in -lpcap
configure:2854: gcc -o conftest -march=x86-64 -mtune=generic -O2 -pipe -fno-plt -D_FORTIFY_SOURCE=2 -Wl,-O1,--sort-common,--as-needed,-z,relro,-z,now conftest.c -lpcap   >&5
configure:2860: $? = 0
configure:2864: test -z 
			 || test ! -s conftest.err
configure:2867: $? = 0
configure:2870: test -s conftest
configure:2873: $? = 0
configure:2886: result: yes
configure:2900: checking for pcap_setnonblock in -lpcap
configure:2930: gcc -o conftest -march=x86-64 -mtune=generic -O2 -pipe -fno-plt -D_FORTIFY_SOURCE=2 -Wl,-O1,--sort-common,--as-needed,-z,relro,-z,now conftest.c -lpcap  -lpcap  >&5
configure:2936: $? = 0
configure:2940: test -z 
			 || test ! -s conftest.err
configure:2943: $? = 0
configure:2946: test -s conftest
configure:2949: $? = 0
configure:2962: result: yes
configure:2993: checking for socket in -lsocket
configure:3023: gcc -o conftest -march=x86-64 -mtune=generic -O2 -pipe -fno-plt -fPIC -D_FORTIFY_SOURCE=2 -Wl,-O1,--sort-common,--as-needed,-z,relro,-z,now conftest.c -lsocket  -lpcap  >&5
/bin/ld: cannot find -lsocket
collect2: error: ld returned 1 exit status
configure:3029: $? = 1
configure: failed program was:
| /* confdefs.h.  */
| 
| #define PACKAGE_NAME ""
| #define PACKAGE_TARNAME ""
| #define PACKAGE_VERSION ""
| #define PACKAGE_STRING ""
| #define PACKAGE_BUGREPORT ""
| #ifdef __cplusplus
| extern "C" void std::exit (int) throw (); using std::exit;
| #endif
| #define HAVE_LIBPCAP 1
| #define HAVE_PCAP_SETNONBLOCK
| /* end confdefs.h.  */
| 
| /* Override any gcc2 internal prototype to avoid an error.  */
| #ifdef __cplusplus
| extern "C"
| #endif
| /* We use char because int might match the return type of a gcc2
|    builtin and then its argument prototype would still apply.  */
| char socket ();
| int
| main ()
| {
| socket ();
|   ;
|   return 0;
| }
configure:3055: result: no
configure:3067: checking for inet_ntoa in -lnsl
configure:3097: gcc -o conftest -march=x86-64 -mtune=generic -O2 -pipe -fno-plt -fPIC -D_FORTIFY_SOURCE=2 -Wl,-O1,--sort-common,--as-needed,-z,relro,-z,now conftest.c -lnsl  -lpcap  >&5
configure:3103: $? = 0
configure:3107: test -z 
			 || test ! -s conftest.err
configure:3110: $? = 0
configure:3113: test -s conftest
configure:3116: $? = 0
configure:3129: result: yes
configure:3146: checking how to run the C preprocessor
configure:3181: gcc -E -D_FORTIFY_SOURCE=2 conftest.c
In file included from /usr/include/bits/libc-header-start.h:33,
                 from /usr/include/limits.h:26,
                 from /usr/lib/gcc/x86_64-pc-linux-gnu/9.2.1/include-fixed/limits.h:194,
                 from /usr/lib/gcc/x86_64-pc-linux-gnu/9.2.1/include-fixed/syslimits.h:7,
                 from /usr/lib/gcc/x86_64-pc-linux-gnu/9.2.1/include-fixed/limits.h:34,
                 from conftest.c:16:
/usr/include/features.h:397:4: warning: #warning _FORTIFY_SOURCE requires compiling with optimization (-O) [-Wcpp]
  397 | #  warning _FORTIFY_SOURCE requires compiling with optimization (-O)
      |    ^~~~~~~
configure:3187: $? = 0
configure:3219: gcc -E -D_FORTIFY_SOURCE=2 conftest.c
conftest.c:15:10: fatal error: ac_nonexistent.h: No such file or directory
   15 | #include <ac_nonexistent.h>
      |          ^~~~~~~~~~~~~~~~~~
compilation terminated.
configure:3225: $? = 1
configure: failed program was:
| /* confdefs.h.  */
| 
| #define PACKAGE_NAME ""
| #define PACKAGE_TARNAME ""
| #define PACKAGE_VERSION ""
| #define PACKAGE_STRING ""
| #define PACKAGE_BUGREPORT ""
| #ifdef __cplusplus
| extern "C" void std::exit (int) throw (); using std::exit;
| #endif
| #define HAVE_LIBPCAP 1
| #define HAVE_PCAP_SETNONBLOCK
| #define HAVE_LIBNSL 1
| /* end confdefs.h.  */
| #include <ac_nonexistent.h>
configure:3264: result: gcc -E
configure:3288: gcc -E -D_FORTIFY_SOURCE=2 conftest.c
In file included from /usr/include/bits/libc-header-start.h:33,
                 from /usr/include/limits.h:26,
                 from /usr/lib/gcc/x86_64-pc-linux-gnu/9.2.1/include-fixed/limits.h:194,
                 from /usr/lib/gcc/x86_64-pc-linux-gnu/9.2.1/include-fixed/syslimits.h:7,
                 from /usr/lib/gcc/x86_64-pc-linux-gnu/9.2.1/include-fixed/limits.h:34,
                 from conftest.c:16:
/usr/include/features.h:397:4: warning: #warning _FORTIFY_SOURCE requires compiling with optimization (-O) [-Wcpp]
  397 | #  warning _FORTIFY_SOURCE requires compiling with optimization (-O)
      |    ^~~~~~~
configure:3294: $? = 0
configure:3326: gcc -E -D_FORTIFY_SOURCE=2 conftest.c
conftest.c:15:10: fatal error: ac_nonexistent.h: No such file or directory
   15 | #include <ac_nonexistent.h>
      |          ^~~~~~~~~~~~~~~~~~
compilation terminated.
configure:3332: $? = 1
configure: failed program was:
| /* confdefs.h.  */
| 
| #define PACKAGE_NAME ""
| #define PACKAGE_TARNAME ""
| #define PACKAGE_VERSION ""
| #define PACKAGE_STRING ""
| #define PACKAGE_BUGREPORT ""
| #ifdef __cplusplus
| extern "C" void std::exit (int) throw (); using std::exit;
| #endif
| #define HAVE_LIBPCAP 1
| #define HAVE_PCAP_SETNONBLOCK
| #define HAVE_LIBNSL 1
| /* end confdefs.h.  */
| #include <ac_nonexistent.h>
configure:3376: checking for egrep
configure:3386: result: grep -E
configure:3391: checking for ANSI C header files
configure:3416: gcc -c -march=x86-64 -mtune=generic -O2 -pipe -fno-plt -fPIC -D_FORTIFY_SOURCE=2 conftest.c >&5
configure:3422: $? = 0
configure:3426: test -z 
			 || test ! -s conftest.err
configure:3429: $? = 0
configure:3432: test -s conftest.o
configure:3435: $? = 0
In file included from /usr/include/bits/libc-header-start.h:33,
                 from /usr/include/string.h:26,
                 from conftest.c:15:
/usr/include/features.h:397:4: warning: #warning _FORTIFY_SOURCE requires compiling with optimization (-O) [-Wcpp]
  397 | #  warning _FORTIFY_SOURCE requires compiling with optimization (-O)
      |    ^~~~~~~
In file included from /usr/include/bits/libc-header-start.h:33,
                 from /usr/include/stdlib.h:25,
                 from conftest.c:15:
/usr/include/features.h:397:4: warning: #warning _FORTIFY_SOURCE requires compiling with optimization (-O) [-Wcpp]
  397 | #  warning _FORTIFY_SOURCE requires compiling with optimization (-O)
      |    ^~~~~~~
configure:3524: gcc -o conftest -march=x86-64 -mtune=generic -O2 -pipe -fno-plt -fPIC -D_FORTIFY_SOURCE=2 -Wl,-O1,--sort-common,--as-needed,-z,relro,-z,now conftest.c -lnsl -lpcap  >&5
conftest.c: In function 'main':
conftest.c:32:7: warning: implicit declaration of function 'exit' [-Wimplicit-function-declaration]
   32 |       exit(2);
      |       ^~~~
conftest.c:32:7: warning: incompatible implicit declaration of built-in function 'exit'
conftest.c:16:1: note: include '<stdlib.h>' or provide a declaration of 'exit'
   15 | #include <ctype.h>
  +++ |+#include <stdlib.h>
   16 | #if ((' ' & 0x0FF) == 0x020)
conftest.c:33:3: warning: incompatible implicit declaration of built-in function 'exit'
   33 |   exit (0);
      |   ^~~~
conftest.c:33:3: note: include '<stdlib.h>' or provide a declaration of 'exit'
configure:3527: $? = 0
configure:3529: ./conftest
configure:3532: $? = 0
configure:3547: result: yes
configure:3571: checking for sys/types.h
configure:3587: gcc -c -march=x86-64 -mtune=generic -O2 -pipe -fno-plt -fPIC -D_FORTIFY_SOURCE=2 conftest.c >&5
configure:3593: $? = 0
configure:3597: test -z 
			 || test ! -s conftest.err
configure:3600: $? = 0
configure:3603: test -s conftest.o
configure:3606: $? = 0
configure:3617: result: yes
configure:3571: checking for sys/stat.h
configure:3587: gcc -c -march=x86-64 -mtune=generic -O2 -pipe -fno-plt -fPIC -D_FORTIFY_SOURCE=2 conftest.c >&5
configure:3593: $? = 0
configure:3597: test -z 
			 || test ! -s conftest.err
configure:3600: $? = 0
configure:3603: test -s conftest.o
configure:3606: $? = 0
configure:3617: result: yes
configure:3571: checking for stdlib.h
configure:3587: gcc -c -march=x86-64 -mtune=generic -O2 -pipe -fno-plt -fPIC -D_FORTIFY_SOURCE=2 conftest.c >&5
configure:3593: $? = 0
configure:3597: test -z 
			 || test ! -s conftest.err
configure:3600: $? = 0
configure:3603: test -s conftest.o
configure:3606: $? = 0
configure:3617: result: yes
configure:3571: checking for string.h
configure:3587: gcc -c -march=x86-64 -mtune=generic -O2 -pipe -fno-plt -fPIC -D_FORTIFY_SOURCE=2 conftest.c >&5
configure:3593: $? = 0
configure:3597: test -z 
			 || test ! -s conftest.err
configure:3600: $? = 0
configure:3603: test -s conftest.o
configure:3606: $? = 0
configure:3617: result: yes
configure:3571: checking for memory.h
configure:3587: gcc -c -march=x86-64 -mtune=generic -O2 -pipe -fno-plt -fPIC -D_FORTIFY_SOURCE=2 conftest.c >&5
configure:3593: $? = 0
configure:3597: test -z 
			 || test ! -s conftest.err
configure:3600: $? = 0
configure:3603: test -s conftest.o
configure:3606: $? = 0
configure:3617: result: yes
configure:3571: checking for strings.h
configure:3587: gcc -c -march=x86-64 -mtune=generic -O2 -pipe -fno-plt -fPIC -D_FORTIFY_SOURCE=2 conftest.c >&5
configure:3593: $? = 0
configure:3597: test -z 
			 || test ! -s conftest.err
configure:3600: $? = 0
configure:3603: test -s conftest.o
configure:3606: $? = 0
configure:3617: result: yes
configure:3571: checking for inttypes.h
configure:3587: gcc -c -march=x86-64 -mtune=generic -O2 -pipe -fno-plt -fPIC -D_FORTIFY_SOURCE=2 conftest.c >&5
configure:3593: $? = 0
configure:3597: test -z 
			 || test ! -s conftest.err
configure:3600: $? = 0
configure:3603: test -s conftest.o
configure:3606: $? = 0
configure:3617: result: yes
configure:3571: checking for stdint.h
configure:3587: gcc -c -march=x86-64 -mtune=generic -O2 -pipe -fno-plt -fPIC -D_FORTIFY_SOURCE=2 conftest.c >&5
configure:3593: $? = 0
configure:3597: test -z 
			 || test ! -s conftest.err
configure:3600: $? = 0
configure:3603: test -s conftest.o
configure:3606: $? = 0
configure:3617: result: yes
configure:3571: checking for unistd.h
configure:3587: gcc -c -march=x86-64 -mtune=generic -O2 -pipe -fno-plt -fPIC -D_FORTIFY_SOURCE=2 conftest.c >&5
configure:3593: $? = 0
configure:3597: test -z 
			 || test ! -s conftest.err
configure:3600: $? = 0
configure:3603: test -s conftest.o
configure:3606: $? = 0
configure:3617: result: yes
configure:3647: checking fcntl.h usability
configure:3659: gcc -c -march=x86-64 -mtune=generic -O2 -pipe -fno-plt -fPIC -D_FORTIFY_SOURCE=2 conftest.c >&5
configure:3665: $? = 0
configure:3669: test -z 
			 || test ! -s conftest.err
configure:3672: $? = 0
configure:3675: test -s conftest.o
configure:3678: $? = 0
configure:3688: result: yes
configure:3692: checking fcntl.h presence
configure:3702: gcc -E -D_FORTIFY_SOURCE=2 conftest.c
In file included from /usr/include/fcntl.h:25,
                 from conftest.c:25:
/usr/include/features.h:397:4: warning: #warning _FORTIFY_SOURCE requires compiling with optimization (-O) [-Wcpp]
  397 | #  warning _FORTIFY_SOURCE requires compiling with optimization (-O)
      |    ^~~~~~~
configure:3708: $? = 0
configure:3728: result: yes
configure:3763: checking for fcntl.h
configure:3770: result: yes
configure:3647: checking sys/ioctl.h usability
configure:3659: gcc -c -march=x86-64 -mtune=generic -O2 -pipe -fno-plt -fPIC -D_FORTIFY_SOURCE=2 conftest.c >&5
configure:3665: $? = 0
configure:3669: test -z 
			 || test ! -s conftest.err
configure:3672: $? = 0
configure:3675: test -s conftest.o
configure:3678: $? = 0
configure:3688: result: yes
configure:3692: checking sys/ioctl.h presence
configure:3702: gcc -E -D_FORTIFY_SOURCE=2 conftest.c
In file included from /usr/include/sys/ioctl.h:21,
                 from conftest.c:26:
/usr/include/features.h:397:4: warning: #warning _FORTIFY_SOURCE requires compiling with optimization (-O) [-Wcpp]
  397 | #  warning _FORTIFY_SOURCE requires compiling with optimization (-O)
      |    ^~~~~~~
configure:3708: $? = 0
configure:3728: result: yes
configure:3763: checking for sys/ioctl.h
configure:3770: result: yes
configure:3647: checking sys/time.h usability
configure:3659: gcc -c -march=x86-64 -mtune=generic -O2 -pipe -fno-plt -fPIC -D_FORTIFY_SOURCE=2 conftest.c >&5
configure:3665: $? = 0
configure:3669: test -z 
			 || test ! -s conftest.err
configure:3672: $? = 0
configure:3675: test -s conftest.o
configure:3678: $? = 0
configure:3688: result: yes
configure:3692: checking sys/time.h presence
configure:3702: gcc -E -D_FORTIFY_SOURCE=2 conftest.c
In file included from /usr/include/sys/time.h:21,
                 from conftest.c:27:
/usr/include/features.h:397:4: warning: #warning _FORTIFY_SOURCE requires compiling with optimization (-O) [-Wcpp]
  397 | #  warning _FORTIFY_SOURCE requires compiling with optimization (-O)
      |    ^~~~~~~
configure:3708: $? = 0
configure:3728: result: yes
configure:3763: checking for sys/time.h
configure:3770: result: yes
configure:3638: checking for unistd.h
configure:3643: result: yes
configure:3647: checking linux/filter.h usability
configure:3659: gcc -c -march=x86-64 -mtune=generic -O2 -pipe -fno-plt -fPIC -D_FORTIFY_SOURCE=2 conftest.c >&5
configure:3665: $? = 0
configure:3669: test -z 
			 || test ! -s conftest.err
configure:3672: $? = 0
configure:3675: test -s conftest.o
configure:3678: $? = 0
configure:3688: result: yes
configure:3692: checking linux/filter.h presence
configure:3702: gcc -E -D_FORTIFY_SOURCE=2 conftest.c
configure:3708: $? = 0
configure:3728: result: yes
configure:3763: checking for linux/filter.h
configure:3770: result: yes
configure:3784: checking for an ANSI C-conforming const
configure:3851: gcc -c -march=x86-64 -mtune=generic -O2 -pipe -fno-plt -fPIC -D_FORTIFY_SOURCE=2 conftest.c >&5
configure:3857: $? = 0
configure:3861: test -z 
			 || test ! -s conftest.err
configure:3864: $? = 0
configure:3867: test -s conftest.o
configure:3870: $? = 0
configure:3881: result: yes
configure:3891: checking for size_t
configure:3915: gcc -c -march=x86-64 -mtune=generic -O2 -pipe -fno-plt -fPIC -D_FORTIFY_SOURCE=2 conftest.c >&5
configure:3921: $? = 0
configure:3925: test -z 
			 || test ! -s conftest.err
configure:3928: $? = 0
configure:3931: test -s conftest.o
configure:3934: $? = 0
configure:3945: result: yes
configure:3957: checking whether time.h and sys/time.h may both be included
configure:3982: gcc -c -march=x86-64 -mtune=generic -O2 -pipe -fno-plt -fPIC -D_FORTIFY_SOURCE=2 conftest.c >&5
configure:3988: $? = 0
configure:3992: test -z 
			 || test ! -s conftest.err
configure:3995: $? = 0
configure:3998: test -s conftest.o
configure:4001: $? = 0
configure:4012: result: yes
configure:4022: checking whether byte ordering is bigendian
configure:4049: gcc -c -march=x86-64 -mtune=generic -O2 -pipe -fno-plt -fPIC -D_FORTIFY_SOURCE=2 conftest.c >&5
configure:4055: $? = 0
configure:4059: test -z 
			 || test ! -s conftest.err
configure:4062: $? = 0
configure:4065: test -s conftest.o
configure:4068: $? = 0
configure:4092: gcc -c -march=x86-64 -mtune=generic -O2 -pipe -fno-plt -fPIC -D_FORTIFY_SOURCE=2 conftest.c >&5
conftest.c: In function 'main':
conftest.c:38:2: error: unknown type name 'not'; did you mean 'ino_t'?
   38 |  not big endian
      |  ^~~
      |  ino_t
conftest.c:38:10: error: expected '=', ',', ';', 'asm' or '__attribute__' before 'endian'
   38 |  not big endian
      |          ^~~~~~
configure:4098: $? = 1
configure: failed program was:
| /* confdefs.h.  */
| 
| #define PACKAGE_NAME ""
| #define PACKAGE_TARNAME ""
| #define PACKAGE_VERSION ""
| #define PACKAGE_STRING ""
| #define PACKAGE_BUGREPORT ""
| #ifdef __cplusplus
| extern "C" void std::exit (int) throw (); using std::exit;
| #endif
| #define HAVE_LIBPCAP 1
| #define HAVE_PCAP_SETNONBLOCK
| #define HAVE_LIBNSL 1
| #define STDC_HEADERS 1
| #define HAVE_SYS_TYPES_H 1
| #define HAVE_SYS_STAT_H 1
| #define HAVE_STDLIB_H 1
| #define HAVE_STRING_H 1
| #define HAVE_MEMORY_H 1
| #define HAVE_STRINGS_H 1
| #define HAVE_INTTYPES_H 1
| #define HAVE_STDINT_H 1
| #define HAVE_UNISTD_H 1
| #define HAVE_FCNTL_H 1
| #define HAVE_SYS_IOCTL_H 1
| #define HAVE_SYS_TIME_H 1
| #define HAVE_UNISTD_H 1
| #define HAVE_LINUX_FILTER_H 1
| #define TIME_WITH_SYS_TIME 1
| /* end confdefs.h.  */
| #include <sys/types.h>
| #include <sys/param.h>
| 
| int
| main ()
| {
| #if BYTE_ORDER != BIG_ENDIAN
|  not big endian
| #endif
| 
|   ;
|   return 0;
| }
configure:4233: result: no
configure:4349: creating ./config.status

## ---------------------- ##
## Running config.status. ##
## ---------------------- ##

This file was extended by config.status, which was
generated by GNU Autoconf 2.59.  Invocation command line was

  CONFIG_FILES    = 
  CONFIG_HEADERS  = 
  CONFIG_LINKS    = 
  CONFIG_COMMANDS = 
  $ ./config.status 

on petitcriss

config.status:648: creating Makefile
config.status:752: creating config.h

## ---------------- ##
## Cache variables. ##
## ---------------- ##

ac_cv_build=x86_64-unknown-linux-gnu
ac_cv_build_alias=x86_64-unknown-linux-gnu
ac_cv_c_bigendian=no
ac_cv_c_compiler_gnu=yes
ac_cv_c_const=yes
ac_cv_cxx_compiler_gnu=yes
ac_cv_env_CC_set=
ac_cv_env_CC_value=
ac_cv_env_CFLAGS_set=set
ac_cv_env_CFLAGS_value='-march=x86-64 -mtune=generic -O2 -pipe -fno-plt'
ac_cv_env_CPPFLAGS_set=set
ac_cv_env_CPPFLAGS_value=-D_FORTIFY_SOURCE=2
ac_cv_env_CPP_set=
ac_cv_env_CPP_value=
ac_cv_env_CXXFLAGS_set=set
ac_cv_env_CXXFLAGS_value='-march=x86-64 -mtune=generic -O2 -pipe -fno-plt'
ac_cv_env_CXX_set=
ac_cv_env_CXX_value=
ac_cv_env_LDFLAGS_set=set
ac_cv_env_LDFLAGS_value=-Wl,-O1,--sort-common,--as-needed,-z,relro,-z,now
ac_cv_env_build_alias_set=
ac_cv_env_build_alias_value=
ac_cv_env_host_alias_set=
ac_cv_env_host_alias_value=
ac_cv_env_target_alias_set=
ac_cv_env_target_alias_value=
ac_cv_exeext=
ac_cv_header_fcntl_h=yes
ac_cv_header_inttypes_h=yes
ac_cv_header_linux_filter_h=yes
ac_cv_header_memory_h=yes
ac_cv_header_stdc=yes
ac_cv_header_stdint_h=yes
ac_cv_header_stdlib_h=yes
ac_cv_header_string_h=yes
ac_cv_header_strings_h=yes
ac_cv_header_sys_ioctl_h=yes
ac_cv_header_sys_stat_h=yes
ac_cv_header_sys_time_h=yes
ac_cv_header_sys_types_h=yes
ac_cv_header_time=yes
ac_cv_header_unistd_h=yes
ac_cv_host=x86_64-unknown-linux-gnu
ac_cv_host_alias=x86_64-unknown-linux-gnu
ac_cv_lib_nsl_inet_ntoa=yes
ac_cv_lib_pcap_main=yes
ac_cv_lib_pcap_pcap_setnonblock=yes
ac_cv_lib_socket_socket=no
ac_cv_objext=o
ac_cv_path_install='/bin/install -c'
ac_cv_prog_CPP='gcc -E'
ac_cv_prog_ac_ct_CC=gcc
ac_cv_prog_ac_ct_CXX=g++
ac_cv_prog_ac_ct_RANLIB=ranlib
ac_cv_prog_cc_g=yes
ac_cv_prog_cc_stdc=
ac_cv_prog_cxx_g=yes
ac_cv_prog_egrep='grep -E'
ac_cv_type_size_t=yes

## ----------------- ##
## Output variables. ##
## ----------------- ##

CC='gcc'
CFLAGS='-march=x86-64 -mtune=generic -O2 -pipe -fno-plt -fPIC'
CPP='gcc -E'
CPPFLAGS='-D_FORTIFY_SOURCE=2'
CXX='g++'
CXXFLAGS='-march=x86-64 -mtune=generic -O2 -pipe -fno-plt'
DEFS='-DHAVE_CONFIG_H'
ECHO_C=''
ECHO_N='-n'
ECHO_T=''
EGREP='grep -E'
EXEEXT=''
INSTALL_DATA='${INSTALL} -m 644'
INSTALL_PROGRAM='${INSTALL}'
INSTALL_SCRIPT='${INSTALL}'
LDFLAGS='-Wl,-O1,--sort-common,--as-needed,-z,relro,-z,now'
LIBOBJS=''
LIBS='-lnsl -lpcap '
LTLIBOBJS=''
OBJEXT='o'
PACKAGE_BUGREPORT=''
PACKAGE_NAME=''
PACKAGE_STRING=''
PACKAGE_TARNAME=''
PACKAGE_VERSION=''
PATH_SEPARATOR=':'
RANLIB='ranlib'
SHELL='/bin/sh'
ac_ct_CC='gcc'
ac_ct_CXX='g++'
ac_ct_RANLIB='ranlib'
bindir='${exec_prefix}/bin'
build='x86_64-unknown-linux-gnu'
build_alias=''
build_cpu='x86_64'
build_os='linux-gnu'
build_vendor='unknown'
datadir='${prefix}/share'
exec_prefix='${prefix}'
host='x86_64-unknown-linux-gnu'
host_alias=''
host_cpu='x86_64'
host_os='linux-gnu'
host_vendor='unknown'
includedir='${prefix}/include'
infodir='${prefix}/info'
libdir='${exec_prefix}/lib'
libexecdir='${exec_prefix}/libexec'
localstatedir='${prefix}/var'
mandir='/usr/share/man'
oldincludedir='/usr/include'
prefix='/usr'
program_transform_name='s,x,x,'
sbindir='${exec_prefix}/sbin'
sharedstatedir='${prefix}/com'
sysconfdir='/etc'
target_alias=''

## ----------- ##
## confdefs.h. ##
## ----------- ##

#define HAVE_FCNTL_H 1
#define HAVE_INTTYPES_H 1
#define HAVE_LIBNSL 1
#define HAVE_LIBPCAP 1
#define HAVE_LINUX_FILTER_H 1
#define HAVE_MEMORY_H 1
#define HAVE_PCAP_SETNONBLOCK
#define HAVE_STDINT_H 1
#define HAVE_STDLIB_H 1
#define HAVE_STRINGS_H 1
#define HAVE_STRING_H 1
#define HAVE_SYS_IOCTL_H 1
#define HAVE_SYS_STAT_H 1
#define HAVE_SYS_TIME_H 1
#define HAVE_SYS_TYPES_H 1
#define HAVE_UNISTD_H 1
#define HAVE_UNISTD_H 1
#define PACKAGE_BUGREPORT ""
#define PACKAGE_NAME ""
#define PACKAGE_STRING ""
#define PACKAGE_TARNAME ""
#define PACKAGE_VERSION ""
#define STDC_HEADERS 1
#define TIME_WITH_SYS_TIME 1
#endif
#ifdef __cplusplus
extern "C" void std::exit (int) throw (); using std::exit;

configure: exit 0
